Determining if the system is big endian passed with the following output:
Change Dir: /home/arturo/Scaricati/openwrt-15.05-x86/package/linino-x86/opencv3/opencv-3.1.0/CMakeFiles/CMakeTmp

Run Build Command:"/usr/bin/make" "cmTC_48d14/fast"
make[3]: Entering directory `/home/arturo/Scaricati/openwrt-15.05-x86/package/linino-x86/opencv3/opencv-3.1.0/CMakeFiles/CMakeTmp'
/usr/bin/make -f CMakeFiles/cmTC_48d14.dir/build.make CMakeFiles/cmTC_48d14.dir/build
make[4]: Entering directory `/home/arturo/Scaricati/openwrt-15.05-x86/package/linino-x86/opencv3/opencv-3.1.0/CMakeFiles/CMakeTmp'
Building C object CMakeFiles/cmTC_48d14.dir/TestEndianess.c.o
/usr/bin/ccache i486-openwrt-linux-uclibc-gcc   -Os -pipe -march=i486 -fno-caller-saves -fhonour-copts -Wno-error=unused-but-set-variable -Wno-error=unused-result     -fsigned-char -W -Wall -Werror=return-type -Werror=non-virtual-dtor -Werror=address -Werror=sequence-point -Wformat -Werror=format-security -Wmissing-declarations -Wmissing-prototypes -Wstrict-prototypes -Wundef -Winit-self -Wpointer-arith -Wshadow -Wno-narrowing -fdiagnostics-show-option -pthread -march=i686 -fomit-frame-pointer -msse -msse2 -mno-avx -msse3 -mno-ssse3 -mno-sse4.1 -mno-sse4.2 -mfpmath=sse -ffunction-sections -fvisibility=hidden  -O3 -DNDEBUG   -o CMakeFiles/cmTC_48d14.dir/TestEndianess.c.o   -c /home/arturo/Scaricati/openwrt-15.05-x86/package/linino-x86/opencv3/opencv-3.1.0/CMakeFiles/CMakeTmp/TestEndianess.c
Linking C executable cmTC_48d14
/home/arturo/Scaricati/openwrt-15.05-x86/staging_dir/host/bin/cmake -E cmake_link_script CMakeFiles/cmTC_48d14.dir/link.txt --verbose=1
/usr/bin/ccache i486-openwrt-linux-uclibc-gcc -Os -pipe -march=i486 -fno-caller-saves -fhonour-copts -Wno-error=unused-but-set-variable -Wno-error=unused-result     -fsigned-char -W -Wall -Werror=return-type -Werror=non-virtual-dtor -Werror=address -Werror=sequence-point -Wformat -Werror=format-security -Wmissing-declarations -Wmissing-prototypes -Wstrict-prototypes -Wundef -Winit-self -Wpointer-arith -Wshadow -Wno-narrowing -fdiagnostics-show-option -pthread -march=i686 -fomit-frame-pointer -msse -msse2 -mno-avx -msse3 -mno-ssse3 -mno-sse4.1 -mno-sse4.2 -mfpmath=sse -ffunction-sections -fvisibility=hidden  -O3 -DNDEBUG   -L/home/arturo/Scaricati/openwrt-15.05-x86/staging_dir/target-i386_i486_uClibc-0.9.33.2/usr/lib -L/home/arturo/Scaricati/openwrt-15.05-x86/staging_dir/target-i386_i486_uClibc-0.9.33.2/lib -L/home/arturo/Scaricati/openwrt-15.05-x86/staging_dir/toolchain-i386_i486_gcc-4.8-linaro_uClibc-0.9.33.2/usr/lib -L/home/arturo/Scaricati/openwrt-15.05-x86/staging_dir/toolchain-i386_i486_gcc-4.8-linaro_uClibc-0.9.33.2/lib   CMakeFiles/cmTC_48d14.dir/TestEndianess.c.o  -o cmTC_48d14 -rdynamic 
make[4]: Leaving directory `/home/arturo/Scaricati/openwrt-15.05-x86/package/linino-x86/opencv3/opencv-3.1.0/CMakeFiles/CMakeTmp'
make[3]: Leaving directory `/home/arturo/Scaricati/openwrt-15.05-x86/package/linino-x86/opencv3/opencv-3.1.0/CMakeFiles/CMakeTmp'

TestEndianess.c:
/* A 16 bit integer is required. */
typedef unsigned short cmakeint16;

/* On a little endian machine, these 16bit ints will give "THIS IS LITTLE ENDIAN."
   On a big endian machine the characters will be exchanged pairwise. */
const cmakeint16 info_little[] =  {0x4854, 0x5349, 0x4920, 0x2053, 0x494c, 0x5454, 0x454c, 0x4520, 0x444e, 0x4149, 0x2e4e, 0x0000};

/* on a big endian machine, these 16bit ints will give "THIS IS BIG ENDIAN."
   On a little endian machine the characters will be exchanged pairwise. */
const cmakeint16 info_big[] =     {0x5448, 0x4953, 0x2049, 0x5320, 0x4249, 0x4720, 0x454e, 0x4449, 0x414e, 0x2e2e, 0x0000};

#ifdef __CLASSIC_C__
int main(argc, argv) int argc; char *argv[];
#else
int main(int argc, char *argv[])
#endif
{
  int require = 0;
  require += info_little[argc];
  require += info_big[argc];
  (void)argv;
  return require;
}


Determining if the include file linux/videodev.h exists failed with the following output:
Change Dir: /home/arturo/Scaricati/openwrt-15.05-x86/package/linino-x86/opencv3/opencv-3.1.0/CMakeFiles/CMakeTmp

Run Build Command:"/usr/bin/make" "cmTC_ef19f/fast"
make[3]: Entering directory `/home/arturo/Scaricati/openwrt-15.05-x86/package/linino-x86/opencv3/opencv-3.1.0/CMakeFiles/CMakeTmp'
/usr/bin/make -f CMakeFiles/cmTC_ef19f.dir/build.make CMakeFiles/cmTC_ef19f.dir/build
make[4]: Entering directory `/home/arturo/Scaricati/openwrt-15.05-x86/package/linino-x86/opencv3/opencv-3.1.0/CMakeFiles/CMakeTmp'
Building C object CMakeFiles/cmTC_ef19f.dir/CheckIncludeFile.c.o
/usr/bin/ccache i486-openwrt-linux-uclibc-gcc   -Os -pipe -march=i486 -fno-caller-saves -fhonour-copts -Wno-error=unused-but-set-variable -Wno-error=unused-result     -fsigned-char -W -Wall -Werror=return-type -Werror=non-virtual-dtor -Werror=address -Werror=sequence-point -Wformat -Werror=format-security -Wmissing-declarations -Wmissing-prototypes -Wstrict-prototypes -Wundef -Winit-self -Wpointer-arith -Wshadow -Wno-narrowing -fdiagnostics-show-option -pthread -march=i686 -fomit-frame-pointer -msse -msse2 -mno-avx -msse3 -mno-ssse3 -mno-sse4.1 -mno-sse4.2 -mfpmath=sse -ffunction-sections -fvisibility=hidden  -O3 -DNDEBUG   -o CMakeFiles/cmTC_ef19f.dir/CheckIncludeFile.c.o   -c /home/arturo/Scaricati/openwrt-15.05-x86/package/linino-x86/opencv3/opencv-3.1.0/CMakeFiles/CMakeTmp/CheckIncludeFile.c
/home/arturo/Scaricati/openwrt-15.05-x86/package/linino-x86/opencv3/opencv-3.1.0/CMakeFiles/CMakeTmp/CheckIncludeFile.c:1:28: fatal error: linux/videodev.h: No such file or directory
 #include <linux/videodev.h>
                            ^
compilation terminated.
make[4]: Leaving directory `/home/arturo/Scaricati/openwrt-15.05-x86/package/linino-x86/opencv3/opencv-3.1.0/CMakeFiles/CMakeTmp'
make[4]: *** [CMakeFiles/cmTC_ef19f.dir/CheckIncludeFile.c.o] Error 1
make[3]: Leaving directory `/home/arturo/Scaricati/openwrt-15.05-x86/package/linino-x86/opencv3/opencv-3.1.0/CMakeFiles/CMakeTmp'
make[3]: *** [cmTC_ef19f/fast] Error 2


Determining if the include file sys/videoio.h exists failed with the following output:
Change Dir: /home/arturo/Scaricati/openwrt-15.05-x86/package/linino-x86/opencv3/opencv-3.1.0/CMakeFiles/CMakeTmp

Run Build Command:"/usr/bin/make" "cmTC_d8956/fast"
make[3]: Entering directory `/home/arturo/Scaricati/openwrt-15.05-x86/package/linino-x86/opencv3/opencv-3.1.0/CMakeFiles/CMakeTmp'
/usr/bin/make -f CMakeFiles/cmTC_d8956.dir/build.make CMakeFiles/cmTC_d8956.dir/build
make[4]: Entering directory `/home/arturo/Scaricati/openwrt-15.05-x86/package/linino-x86/opencv3/opencv-3.1.0/CMakeFiles/CMakeTmp'
Building C object CMakeFiles/cmTC_d8956.dir/CheckIncludeFile.c.o
/usr/bin/ccache i486-openwrt-linux-uclibc-gcc   -Os -pipe -march=i486 -fno-caller-saves -fhonour-copts -Wno-error=unused-but-set-variable -Wno-error=unused-result     -fsigned-char -W -Wall -Werror=return-type -Werror=non-virtual-dtor -Werror=address -Werror=sequence-point -Wformat -Werror=format-security -Wmissing-declarations -Wmissing-prototypes -Wstrict-prototypes -Wundef -Winit-self -Wpointer-arith -Wshadow -Wno-narrowing -fdiagnostics-show-option -pthread -march=i686 -fomit-frame-pointer -msse -msse2 -mno-avx -msse3 -mno-ssse3 -mno-sse4.1 -mno-sse4.2 -mfpmath=sse -ffunction-sections -fvisibility=hidden  -O3 -DNDEBUG   -o CMakeFiles/cmTC_d8956.dir/CheckIncludeFile.c.o   -c /home/arturo/Scaricati/openwrt-15.05-x86/package/linino-x86/opencv3/opencv-3.1.0/CMakeFiles/CMakeTmp/CheckIncludeFile.c
/home/arturo/Scaricati/openwrt-15.05-x86/package/linino-x86/opencv3/opencv-3.1.0/CMakeFiles/CMakeTmp/CheckIncludeFile.c:1:25: fatal error: sys/videoio.h: No such file or directory
 #include <sys/videoio.h>
                         ^
compilation terminated.
make[4]: Leaving directory `/home/arturo/Scaricati/openwrt-15.05-x86/package/linino-x86/opencv3/opencv-3.1.0/CMakeFiles/CMakeTmp'
make[4]: *** [CMakeFiles/cmTC_d8956.dir/CheckIncludeFile.c.o] Error 1
make[3]: Leaving directory `/home/arturo/Scaricati/openwrt-15.05-x86/package/linino-x86/opencv3/opencv-3.1.0/CMakeFiles/CMakeTmp'
make[3]: *** [cmTC_d8956/fast] Error 2


